#
# There is insufficient memory for the Java Runtime Environment to continue.
# Native memory allocation (malloc) failed to allocate 370928 bytes for Chunk::new
# Possible reasons:
#   The system is out of physical RAM or swap space
#   In 32 bit mode, the process size limit was hit
# Possible solutions:
#   Reduce memory load on the system
#   Increase physical memory or swap space
#   Check if swap backing store is full
#   Use 64 bit Java on a 64 bit OS
#   Decrease Java heap size (-Xmx/-Xms)
#   Decrease number of Java threads
#   Decrease Java thread stack sizes (-Xss)
#   Set larger code cache with -XX:ReservedCodeCacheSize=
# This output file may be truncated or incomplete.
#
#  Out of Memory Error (allocation.cpp:390), pid=1364, tid=2424
#
# JRE version: Java(TM) SE Runtime Environment (8.0_20-b26) (build 1.8.0_20-b26)
# Java VM: Java HotSpot(TM) 64-Bit Server VM (25.20-b23 mixed mode windows-amd64 compressed oops)
# Failed to write core dump. Minidumps are not enabled by default on client versions of Windows
#

---------------  T H R E A D  ---------------

Current thread (0x00000000568c6800):  JavaThread "C2 CompilerThread1" daemon [_thread_in_native, id=2424, stack(0x0000000056370000,0x0000000056470000)]

Stack: [0x0000000056370000,0x0000000056470000]
Native frames: (J=compiled Java code, j=interpreted, Vv=VM code, C=native code)
V  [jvm.dll+0x3152fa]


Current CompileTask:
C2: 138289 4756       4       org.codehaus.groovy.control.ResolveVisitor::transform (194 bytes)


---------------  P R O C E S S  ---------------

Java Threads: ( => current thread )
  0x0000000057828800 JavaThread "Abandoned connection cleanup thread" daemon [_thread_blocked, id=4856, stack(0x000000005af20000,0x000000005b020000)]
  0x0000000056adb000 JavaThread "TimerQueue" daemon [_thread_blocked, id=7196, stack(0x000000005dcf0000,0x000000005ddf0000)]
  0x0000000057a8f000 JavaThread "D3D Screen Updater" daemon [_thread_blocked, id=9084, stack(0x000000005b2c0000,0x000000005b3c0000)]
  0x0000000001d0e800 JavaThread "DestroyJavaVM" [_thread_blocked, id=6984, stack(0x0000000002440000,0x0000000002540000)]
  0x000000005770c000 JavaThread "AWT-EventQueue-0" [_thread_in_native, id=8428, stack(0x00000000581c0000,0x00000000582c0000)]
  0x0000000057678000 JavaThread "AWT-Windows" daemon [_thread_in_native, id=10096, stack(0x0000000058040000,0x0000000058140000)]
  0x0000000056c29800 JavaThread "AWT-Shutdown" [_thread_blocked, id=4360, stack(0x0000000057e00000,0x0000000057f00000)]
  0x0000000056b4f800 JavaThread "Java2D Disposer" daemon [_thread_blocked, id=9124, stack(0x00000000573c0000,0x00000000574c0000)]
  0x0000000056936000 JavaThread "Service Thread" daemon [_thread_blocked, id=8916, stack(0x0000000057280000,0x0000000057380000)]
  0x00000000568ca800 JavaThread "C1 CompilerThread2" daemon [_thread_blocked, id=5556, stack(0x00000000566c0000,0x00000000567c0000)]
=>0x00000000568c6800 JavaThread "C2 CompilerThread1" daemon [_thread_in_native, id=2424, stack(0x0000000056370000,0x0000000056470000)]
  0x00000000568c1800 JavaThread "C2 CompilerThread0" daemon [_thread_in_native, id=8284, stack(0x0000000057110000,0x0000000057210000)]
  0x00000000568c0800 JavaThread "Attach Listener" daemon [_thread_blocked, id=2032, stack(0x0000000056f10000,0x0000000057010000)]
  0x0000000055374000 JavaThread "Signal Dispatcher" daemon [_thread_blocked, id=9032, stack(0x0000000056d70000,0x0000000056e70000)]
  0x0000000055318000 JavaThread "Finalizer" daemon [_thread_blocked, id=516, stack(0x00000000567c0000,0x00000000568c0000)]
  0x000000005530f800 JavaThread "Reference Handler" daemon [_thread_blocked, id=5156, stack(0x0000000056570000,0x0000000056670000)]

Other Threads:
  0x0000000055309800 VMThread [stack: 0x0000000056470000,0x0000000056570000] [id=6384]
  0x0000000056949800 WatcherThread [stack: 0x00000000574e0000,0x00000000575e0000] [id=9120]

VM state:not at safepoint (normal execution)

VM Mutex/Monitor currently owned by a thread: None

Heap:
 PSYoungGen      total 33792K, used 14254K [0x00000000ed800000, 0x00000000f0e80000, 0x0000000100000000)
  eden space 28672K, 33% used [0x00000000ed800000,0x00000000ee182808,0x00000000ef400000)
  from space 5120K, 88% used [0x00000000ef400000,0x00000000ef869078,0x00000000ef900000)
  to   space 5120K, 0% used [0x00000000f0980000,0x00000000f0980000,0x00000000f0e80000)
 ParOldGen       total 26112K, used 12689K [0x00000000c8800000, 0x00000000ca180000, 0x00000000ed800000)
  object space 26112K, 48% used [0x00000000c8800000,0x00000000c9464438,0x00000000ca180000)
 Metaspace       used 28780K, capacity 29050K, committed 29488K, reserved 1075200K
  class space    used 3432K, capacity 3515K, committed 3632K, reserved 1048576K

Card table byte_map: [0x0000000011bd0000,0x0000000011d90000] byte_map_base: 0x000000001158c000

Marking Bits: (ParMarkBitMap*) 0x00000000548fb460
 Begin Bits: [0x0000000012460000, 0x0000000013240000)
 End Bits:   [0x0000000013240000, 0x0000000014020000)

Polling page: 0x0000000000140000

CodeCache: size=245760Kb used=15342Kb max_used=15342Kb free=230417Kb
 bounds [0x0000000002810000, 0x0000000003720000, 0x0000000011810000]
 total_blobs=4921 nmethods=4312 adapters=520
 compilation: enabled

Compilation events (10 events):
Event: 137.913 Thread 0x00000000568ca800 4817       3       java.util.ArrayList::rangeCheckForAdd (26 bytes)
Event: 137.915 Thread 0x00000000568ca800 nmethod 4817 0x0000000003713fd0 code [0x00000000037141e0, 0x0000000003714c98]
Event: 137.916 Thread 0x00000000568ca800 4819       3       java.lang.Character::isJavaIdentifierStart (9 bytes)
Event: 137.916 Thread 0x00000000568ca800 nmethod 4819 0x00000000037151d0 code [0x0000000003715340, 0x0000000003715578]
Event: 137.916 Thread 0x00000000568ca800 4818       3       java.lang.Character::isJavaIdentifierStart (5 bytes)
Event: 137.917 Thread 0x00000000568ca800 nmethod 4818 0x0000000003715650 code [0x00000000037157c0, 0x0000000003715a38]
Event: 137.924 Thread 0x00000000568ca800 4820       3       org.codehaus.groovy.classgen.VerifierCodeVisitor::assertValidIdentifier (234 bytes)
Event: 137.930 Thread 0x00000000568ca800 nmethod 4820 0x0000000003715b50 code [0x0000000003716080, 0x00000000037193a8]
Event: 137.930 Thread 0x00000000568ca800 4823       3       org.codehaus.groovy.classgen.VerifierCodeVisitor::visitVariableExpression (16 bytes)
Event: 137.931 Thread 0x00000000568ca800 nmethod 4823 0x000000000371b090 code [0x000000000371b200, 0x000000000371b428]

GC Heap History (10 events):
Event: 133.186 GC heap before
{Heap before GC invocations=6 (full 1):
 PSYoungGen      total 16896K, used 14848K [0x00000000ed800000, 0x00000000eea80000, 0x0000000100000000)
  eden space 14848K, 100% used [0x00000000ed800000,0x00000000ee680000,0x00000000ee680000)
  from space 2048K, 0% used [0x00000000ee880000,0x00000000ee880000,0x00000000eea80000)
  to   space 2048K, 0% used [0x00000000ee680000,0x00000000ee680000,0x00000000ee880000)
 ParOldGen       total 26112K, used 8332K [0x00000000c8800000, 0x00000000ca180000, 0x00000000ed800000)
  object space 26112K, 31% used [0x00000000c8800000,0x00000000c90230a0,0x00000000ca180000)
 Metaspace       used 23859K, capacity 24086K, committed 24368K, reserved 1071104K
  class space    used 2915K, capacity 2997K, committed 3120K, reserved 1048576K
Event: 133.199 GC heap after
Heap after GC invocations=6 (full 1):
 PSYoungGen      total 16896K, used 2032K [0x00000000ed800000, 0x00000000eef80000, 0x0000000100000000)
  eden space 14848K, 0% used [0x00000000ed800000,0x00000000ed800000,0x00000000ee680000)
  from space 2048K, 99% used [0x00000000ee680000,0x00000000ee87c020,0x00000000ee880000)
  to   space 4608K, 0% used [0x00000000eeb00000,0x00000000eeb00000,0x00000000eef80000)
 ParOldGen       total 26112K, used 9942K [0x00000000c8800000, 0x00000000ca180000, 0x00000000ed800000)
  object space 26112K, 38% used [0x00000000c8800000,0x00000000c91b5bc0,0x00000000ca180000)
 Metaspace       used 23859K, capacity 24086K, committed 24368K, reserved 1071104K
  class space    used 2915K, capacity 2997K, committed 3120K, reserved 1048576K
}
Event: 134.147 GC heap before
{Heap before GC invocations=7 (full 1):
 PSYoungGen      total 16896K, used 16880K [0x00000000ed800000, 0x00000000eef80000, 0x0000000100000000)
  eden space 14848K, 100% used [0x00000000ed800000,0x00000000ee680000,0x00000000ee680000)
  from space 2048K, 99% used [0x00000000ee680000,0x00000000ee87c020,0x00000000ee880000)
  to   space 4608K, 0% used [0x00000000eeb00000,0x00000000eeb00000,0x00000000eef80000)
 ParOldGen       total 26112K, used 9942K [0x00000000c8800000, 0x00000000ca180000, 0x00000000ed800000)
  object space 26112K, 38% used [0x00000000c8800000,0x00000000c91b5bc0,0x00000000ca180000)
 Metaspace       used 25069K, capacity 25276K, committed 25520K, reserved 1071104K
  class space    used 3090K, capacity 3158K, committed 3248K, reserved 1048576K
Event: 134.218 GC heap after
Heap after GC invocations=7 (full 1):
 PSYoungGen      total 19456K, used 3413K [0x00000000ed800000, 0x00000000efc80000, 0x0000000100000000)
  eden space 14848K, 0% used [0x00000000ed800000,0x00000000ed800000,0x00000000ee680000)
  from space 4608K, 74% used [0x00000000eeb00000,0x00000000eee55728,0x00000000eef80000)
  to   space 4608K, 0% used [0x00000000ee680000,0x00000000ee680000,0x00000000eeb00000)
 ParOldGen       total 26112K, used 9950K [0x00000000c8800000, 0x00000000ca180000, 0x00000000ed800000)
  object space 26112K, 38% used [0x00000000c8800000,0x00000000c91b7bc0,0x00000000ca180000)
 Metaspace       used 25069K, capacity 25276K, committed 25520K, reserved 1071104K
  class space    used 3090K, capacity 3158K, committed 3248K, reserved 1048576K
}
Event: 134.385 GC heap before
{Heap before GC invocations=8 (full 1):
 PSYoungGen      total 19456K, used 18261K [0x00000000ed800000, 0x00000000efc80000, 0x0000000100000000)
  eden space 14848K, 100% used [0x00000000ed800000,0x00000000ee680000,0x00000000ee680000)
  from space 4608K, 74% used [0x00000000eeb00000,0x00000000eee55728,0x00000000eef80000)
  to   space 4608K, 0% used [0x00000000ee680000,0x00000000ee680000,0x00000000eeb00000)
 ParOldGen       total 26112K, used 9950K [0x00000000c8800000, 0x00000000ca180000, 0x00000000ed800000)
  object space 26112K, 38% used [0x00000000c8800000,0x00000000c91b7bc0,0x00000000ca180000)
 Metaspace       used 25142K, capacity 25364K, committed 25776K, reserved 1071104K
  class space    used 3093K, capacity 3162K, committed 3248K, reserved 1048576K
Event: 134.393 GC heap after
Heap after GC invocations=8 (full 1):
 PSYoungGen      total 19456K, used 2832K [0x00000000ed800000, 0x00000000efe00000, 0x0000000100000000)
  eden space 14848K, 0% used [0x00000000ed800000,0x00000000ed800000,0x00000000ee680000)
  from space 4608K, 61% used [0x00000000ee680000,0x00000000ee944020,0x00000000eeb00000)
  to   space 5120K, 0% used [0x00000000ef900000,0x00000000ef900000,0x00000000efe00000)
 ParOldGen       total 26112K, used 9958K [0x00000000c8800000, 0x00000000ca180000, 0x00000000ed800000)
  object space 26112K, 38% used [0x00000000c8800000,0x00000000c91b9bc0,0x00000000ca180000)
 Metaspace       used 25142K, capacity 25364K, committed 25776K, reserved 1071104K
  class space    used 3093K, capacity 3162K, committed 3248K, reserved 1048576K
}
Event: 134.514 GC heap before
{Heap before GC invocations=9 (full 1):
 PSYoungGen      total 19456K, used 17680K [0x00000000ed800000, 0x00000000efe00000, 0x0000000100000000)
  eden space 14848K, 100% used [0x00000000ed800000,0x00000000ee680000,0x00000000ee680000)
  from space 4608K, 61% used [0x00000000ee680000,0x00000000ee944020,0x00000000eeb00000)
  to   space 5120K, 0% used [0x00000000ef900000,0x00000000ef900000,0x00000000efe00000)
 ParOldGen       total 26112K, used 9958K [0x00000000c8800000, 0x00000000ca180000, 0x00000000ed800000)
  object space 26112K, 38% used [0x00000000c8800000,0x00000000c91b9bc0,0x00000000ca180000)
 Metaspace       used 25242K, capacity 25428K, committed 25776K, reserved 1071104K
  class space    used 3098K, capacity 3162K, committed 3248K, reserved 1048576K
Event: 134.545 GC heap after
Heap after GC invocations=9 (full 1):
 PSYoungGen      total 33792K, used 2896K [0x00000000ed800000, 0x00000000efe80000, 0x0000000100000000)
  eden space 28672K, 0% used [0x00000000ed800000,0x00000000ed800000,0x00000000ef400000)
  from space 5120K, 56% used [0x00000000ef900000,0x00000000efbd4020,0x00000000efe00000)
  to   space 5120K, 0% used [0x00000000ef400000,0x00000000ef400000,0x00000000ef900000)
 ParOldGen       total 26112K, used 9966K [0x00000000c8800000, 0x00000000ca180000, 0x00000000ed800000)
  object space 26112K, 38% used [0x00000000c8800000,0x00000000c91bbbc0,0x00000000ca180000)
 Metaspace       used 25242K, capacity 25428K, committed 25776K, reserved 1071104K
  class space    used 3098K, capacity 3162K, committed 3248K, reserved 1048576K
}
Event: 137.074 GC heap before
{Heap before GC invocations=10 (full 1):
 PSYoungGen      total 33792K, used 31568K [0x00000000ed800000, 0x00000000efe80000, 0x0000000100000000)
  eden space 28672K, 100% used [0x00000000ed800000,0x00000000ef400000,0x00000000ef400000)
  from space 5120K, 56% used [0x00000000ef900000,0x00000000efbd4020,0x00000000efe00000)
  to   space 5120K, 0% used [0x00000000ef400000,0x00000000ef400000,0x00000000ef900000)
 ParOldGen       total 26112K, used 9966K [0x00000000c8800000, 0x00000000ca180000, 0x00000000ed800000)
  object space 26112K, 38% used [0x00000000c8800000,0x00000000c91bbbc0,0x00000000ca180000)
 Metaspace       used 28375K, capacity 28570K, committed 28848K, reserved 1075200K
  class space    used 3394K, capacity 3483K, committed 3504K, reserved 1048576K
Event: 137.236 GC heap after
Heap after GC invocations=10 (full 1):
 PSYoungGen      total 33792K, used 4516K [0x00000000ed800000, 0x00000000f0e80000, 0x0000000100000000)
  eden space 28672K, 0% used [0x00000000ed800000,0x00000000ed800000,0x00000000ef400000)
  from space 5120K, 88% used [0x00000000ef400000,0x00000000ef869078,0x00000000ef900000)
  to   space 5120K, 0% used [0x00000000f0980000,0x00000000f0980000,0x00000000f0e80000)
 ParOldGen       total 26112K, used 12689K [0x00000000c8800000, 0x00000000ca180000, 0x00000000ed800000)
  object space 26112K, 48% used [0x00000000c8800000,0x00000000c9464438,0x00000000ca180000)
 Metaspace       used 28375K, capacity 28570K, committed 28848K, reserved 1075200K
  class space    used 3394K, capacity 3483K, committed 3504K, reserved 1048576K
}

Deoptimization events (10 events):
Event: 133.639 Thread 0x000000005770c000 Uncommon trap: reason=class_check action=maybe_recompile pc=0x0000000003429334 method=com.sun.org.apache.xerces.internal.impl.XMLDocumentFragmentScannerImpl.scanEndElement()I @ 142
Event: 133.639 Thread 0x000000005770c000 Uncommon trap: reason=class_check action=maybe_recompile pc=0x0000000003429334 method=com.sun.org.apache.xerces.internal.impl.XMLDocumentFragmentScannerImpl.scanEndElement()I @ 142
Event: 133.642 Thread 0x000000005770c000 Uncommon trap: reason=class_check action=maybe_recompile pc=0x0000000003429334 method=com.sun.org.apache.xerces.internal.impl.XMLDocumentFragmentScannerImpl.scanEndElement()I @ 142
Event: 133.642 Thread 0x000000005770c000 Uncommon trap: reason=class_check action=maybe_recompile pc=0x0000000003429334 method=com.sun.org.apache.xerces.internal.impl.XMLDocumentFragmentScannerImpl.scanEndElement()I @ 142
Event: 134.691 Thread 0x000000005770c000 Uncommon trap: reason=predicate action=maybe_recompile pc=0x0000000003112d80 method=java.util.TreeMap.put(Ljava/lang/Object;Ljava/lang/Object;)Ljava/lang/Object; @ 132
Event: 135.420 Thread 0x000000005770c000 Uncommon trap: reason=class_check action=maybe_recompile pc=0x0000000002a0a3c8 method=java.util.HashMap.putVal(ILjava/lang/Object;Ljava/lang/Object;ZZ)Ljava/lang/Object; @ 253
Event: 135.667 Thread 0x000000005770c000 Uncommon trap: reason=class_check action=maybe_recompile pc=0x0000000002a0a3c8 method=java.util.HashMap.putVal(ILjava/lang/Object;Ljava/lang/Object;ZZ)Ljava/lang/Object; @ 253
Event: 137.239 Thread 0x000000005770c000 Uncommon trap: reason=class_check action=maybe_recompile pc=0x0000000002d1da4c method=java.util.HashSet.add(Ljava/lang/Object;)Z @ 8
Event: 137.240 Thread 0x000000005770c000 Uncommon trap: reason=class_check action=maybe_recompile pc=0x0000000002d1da4c method=java.util.HashSet.add(Ljava/lang/Object;)Z @ 8
Event: 137.240 Thread 0x000000005770c000 Uncommon trap: reason=class_check action=maybe_recompile pc=0x0000000002a0a3c8 method=java.util.HashMap.putVal(ILjava/lang/Object;Ljava/lang/Object;ZZ)Ljava/lang/Object; @ 253

Internal exceptions (10 events):
Event: 137.910 Thread 0x000000005770c000 Exception <a 'java/security/PrivilegedActionException'> (0x00000000ee1335a0) thrown at [D:\re\workspace\8-2-build-windows-amd64-cygwin\jdk8u20\1074\hotspot\src\share\vm\prims\jvm.cpp, line 1275]
Event: 137.912 Thread 0x000000005770c000 Exception <a 'java/security/PrivilegedActionException'> (0x00000000ee140968) thrown at [D:\re\workspace\8-2-build-windows-amd64-cygwin\jdk8u20\1074\hotspot\src\share\vm\prims\jvm.cpp, line 1275]
Event: 137.913 Thread 0x000000005770c000 Exception <a 'java/security/PrivilegedActionException'> (0x00000000ee143d48) thrown at [D:\re\workspace\8-2-build-windows-amd64-cygwin\jdk8u20\1074\hotspot\src\share\vm\prims\jvm.cpp, line 1275]
Event: 137.914 Thread 0x000000005770c000 Exception <a 'java/security/PrivilegedActionException'> (0x00000000ee147b70) thrown at [D:\re\workspace\8-2-build-windows-amd64-cygwin\jdk8u20\1074\hotspot\src\share\vm\prims\jvm.cpp, line 1275]
Event: 137.916 Thread 0x000000005770c000 Exception <a 'java/security/PrivilegedActionException'> (0x00000000ee14d7b8) thrown at [D:\re\workspace\8-2-build-windows-amd64-cygwin\jdk8u20\1074\hotspot\src\share\vm\prims\jvm.cpp, line 1275]
Event: 137.921 Thread 0x000000005770c000 Exception <a 'java/security/PrivilegedActionException'> (0x00000000ee1541f8) thrown at [D:\re\workspace\8-2-build-windows-amd64-cygwin\jdk8u20\1074\hotspot\src\share\vm\prims\jvm.cpp, line 1275]
Event: 137.923 Thread 0x000000005770c000 Exception <a 'java/security/PrivilegedActionException'> (0x00000000ee15cf28) thrown at [D:\re\workspace\8-2-build-windows-amd64-cygwin\jdk8u20\1074\hotspot\src\share\vm\prims\jvm.cpp, line 1275]
Event: 137.923 Thread 0x000000005770c000 Exception <a 'java/security/PrivilegedActionException'> (0x00000000ee15fce8) thrown at [D:\re\workspace\8-2-build-windows-amd64-cygwin\jdk8u20\1074\hotspot\src\share\vm\prims\jvm.cpp, line 1275]
Event: 137.928 Thread 0x000000005770c000 Exception <a 'java/security/PrivilegedActionException'> (0x00000000ee166550) thrown at [D:\re\workspace\8-2-build-windows-amd64-cygwin\jdk8u20\1074\hotspot\src\share\vm\prims\jvm.cpp, line 1275]
Event: 137.929 Thread 0x000000005770c000 Exception <a 'java/security/PrivilegedActionException'> (0x00000000ee169ac0) thrown at [D:\re\workspace\8-2-build-windows-amd64-cygwin\jdk8u20\1074\hotspot\src\share\vm\prims\jvm.cpp, line 1275]

Events (10 events):
Event: 137.921 loading class org/codehaus/groovy/classgen/ReturnAdder
Event: 137.921 loading class org/codehaus/groovy/classgen/ReturnAdder done
Event: 137.923 loading class org/codehaus/groovy/classgen/ReturnAdder$ReturnStatementListener
Event: 137.923 loading class org/codehaus/groovy/classgen/ReturnAdder$ReturnStatementListener done
Event: 137.923 loading class org/codehaus/groovy/classgen/ReturnAdder$1
Event: 137.923 loading class org/codehaus/groovy/classgen/ReturnAdder$1 done
Event: 137.928 loading class org/codehaus/groovy/classgen/ClassGenerator
Event: 137.928 loading class org/codehaus/groovy/classgen/ClassGenerator done
Event: 137.929 loading class org/codehaus/groovy/classgen/AsmClassGenerator
Event: 137.929 loading class org/codehaus/groovy/classgen/AsmClassGenerator done


Dynamic libraries:
0x000000013f4a0000 - 0x000000013f4d4000 	C:\Program Files\Java\jdk1.8.0_20\bin\java.exe
0x0000000077b60000 - 0x0000000077d0a000 	C:\Windows\SYSTEM32\ntdll.dll
0x0000000077a40000 - 0x0000000077b5f000 	C:\Windows\system32\kernel32.dll
0x000007fefdbd0000 - 0x000007fefdc3b000 	C:\Windows\system32\KERNELBASE.dll
0x000007fefe730000 - 0x000007fefe80b000 	C:\Windows\system32\ADVAPI32.dll
0x000007fefe4d0000 - 0x000007fefe56f000 	C:\Windows\system32\msvcrt.dll
0x000007fefe2b0000 - 0x000007fefe2cf000 	C:\Windows\SYSTEM32\sechost.dll
0x000007fefe2d0000 - 0x000007fefe3fd000 	C:\Windows\system32\RPCRT4.dll
0x0000000077940000 - 0x0000000077a3a000 	C:\Windows\system32\USER32.dll
0x000007feffe00000 - 0x000007feffe67000 	C:\Windows\system32\GDI32.dll
0x000007fefe720000 - 0x000007fefe72e000 	C:\Windows\system32\LPK.dll
0x000007feff760000 - 0x000007feff82a000 	C:\Windows\system32\USP10.dll
0x000007fefc2e0000 - 0x000007fefc4d4000 	C:\Windows\WinSxS\amd64_microsoft.windows.common-controls_6595b64144ccf1df_6.0.7601.18837_none_fa3b1e3d17594757\COMCTL32.dll
0x000007fefe810000 - 0x000007fefe881000 	C:\Windows\system32\SHLWAPI.dll
0x000007fefdca0000 - 0x000007fefdcce000 	C:\Windows\system32\IMM32.DLL
0x000007feff830000 - 0x000007feff939000 	C:\Windows\system32\MSCTF.dll
0x0000000063dd0000 - 0x0000000063ea2000 	C:\Program Files\Java\jdk1.8.0_20\jre\bin\msvcr100.dll
0x0000000054120000 - 0x0000000054978000 	C:\Program Files\Java\jdk1.8.0_20\jre\bin\server\jvm.dll
0x000007fefb380000 - 0x000007fefb389000 	C:\Windows\system32\WSOCK32.dll
0x000007fefe480000 - 0x000007fefe4cd000 	C:\Windows\system32\WS2_32.dll
0x000007feff940000 - 0x000007feff948000 	C:\Windows\system32\NSI.dll
0x000007fefb630000 - 0x000007fefb66b000 	C:\Windows\system32\WINMM.dll
0x0000000077d20000 - 0x0000000077d27000 	C:\Windows\system32\PSAPI.DLL
0x00000000681a0000 - 0x00000000681af000 	C:\Program Files\Java\jdk1.8.0_20\jre\bin\verify.dll
0x0000000067b30000 - 0x0000000067b58000 	C:\Program Files\Java\jdk1.8.0_20\jre\bin\java.dll
0x0000000067ac0000 - 0x0000000067ad6000 	C:\Program Files\Java\jdk1.8.0_20\jre\bin\zip.dll
0x000007fefe8f0000 - 0x000007feff679000 	C:\Windows\system32\SHELL32.dll
0x000007fefe000000 - 0x000007fefe203000 	C:\Windows\system32\ole32.dll
0x000007fefd8e0000 - 0x000007fefd8ef000 	C:\Windows\system32\profapi.dll
0x00000000637c0000 - 0x0000000063958000 	C:\Program Files\Java\jdk1.8.0_20\jre\bin\awt.dll
0x000007feff680000 - 0x000007feff758000 	C:\Windows\system32\OLEAUT32.dll
0x000007fefc150000 - 0x000007fefc1a6000 	C:\Windows\system32\uxtheme.dll
0x000007fefbd30000 - 0x000007fefbd48000 	C:\Windows\system32\dwmapi.dll
0x000007fefd780000 - 0x000007fefd78f000 	C:\Windows\system32\CRYPTBASE.dll
0x0000000064ad0000 - 0x0000000064b17000 	C:\Program Files\Java\jdk1.8.0_20\jre\bin\fontmanager.dll
0x000007fef3430000 - 0x000007fef362f000 	C:\Windows\system32\d3d9.dll
0x000007fefc9d0000 - 0x000007fefc9dc000 	C:\Windows\system32\VERSION.dll
0x000007fefb860000 - 0x000007fefb867000 	C:\Windows\system32\d3d8thk.dll
0x000007fef7b40000 - 0x000007fef7c87000 	C:\Windows\system32\aticfx64.dll
0x000007fef4fa0000 - 0x000007fef4fc0000 	C:\Windows\system32\atiu9p64.dll
0x000007feeead0000 - 0x000007feef254000 	C:\Windows\system32\atiumd64.dll
0x000000005fc40000 - 0x00000000606ad000 	C:\Windows\system32\atiumd6a.dll
0x00000000655e0000 - 0x00000000655fa000 	C:\Program Files\Java\jdk1.8.0_20\jre\bin\net.dll
0x000007fefd0c0000 - 0x000007fefd115000 	C:\Windows\system32\mswsock.dll
0x000007fefd0b0000 - 0x000007fefd0b7000 	C:\Windows\System32\wship6.dll
0x00000000655c0000 - 0x00000000655d1000 	C:\Program Files\Java\jdk1.8.0_20\jre\bin\nio.dll
0x00000000649c0000 - 0x0000000064a01000 	C:\Program Files\Java\jdk1.8.0_20\jre\bin\t2k.dll
0x0000000065020000 - 0x000000006504a000 	C:\Program Files\Java\jdk1.8.0_20\jre\bin\dcpr.dll
0x000007fefcaa0000 - 0x000007fefcaa7000 	C:\Windows\System32\wshtcpip.dll
0x000007fefcf40000 - 0x000007fefcf9b000 	C:\Windows\system32\DNSAPI.dll
0x000007fefb060000 - 0x000007fefb087000 	C:\Windows\system32\IPHLPAPI.DLL
0x000007fefb050000 - 0x000007fefb05b000 	C:\Windows\system32\WINNSI.DLL
0x000007fef9d10000 - 0x000007fef9d18000 	C:\Windows\system32\rasadhlp.dll
0x000007fefaee0000 - 0x000007fefaf33000 	C:\Windows\System32\fwpuclnt.dll
0x000007fefdcd0000 - 0x000007fefdd69000 	C:\Windows\system32\CLBCatQ.DLL
0x000007fefbb80000 - 0x000007fefbce1000 	C:\Windows\system32\WindowsCodecs.dll
0x000007fefd720000 - 0x000007fefd777000 	C:\Windows\system32\apphelp.dll
0x000007fefb5f0000 - 0x000007fefb625000 	C:\Windows\system32\EhStorShell.dll
0x000007feffc20000 - 0x000007feffdf7000 	C:\Windows\system32\SETUPAPI.dll
0x000007fefdc40000 - 0x000007fefdc76000 	C:\Windows\system32\CFGMGR32.dll
0x000007fefd9a0000 - 0x000007fefd9ba000 	C:\Windows\system32\DEVOBJ.dll
0x000007fefc1b0000 - 0x000007fefc2dc000 	C:\Windows\system32\PROPSYS.dll
0x000007fef98f0000 - 0x000007fef9970000 	C:\Windows\system32\ntshrui.dll
0x000007fefd600000 - 0x000007fefd623000 	C:\Windows\system32\srvcli.dll
0x000007fef8ee0000 - 0x000007fef8eef000 	C:\Windows\system32\cscapi.dll
0x000007fefb540000 - 0x000007fefb54b000 	C:\Windows\system32\slc.dll

VM Arguments:
jvm_args: -Dfile.encoding=UTF-8 
java_command: com.essar.screens.MainForm
java_class_path (initial): D:\Applications\Tienda\BACKUP_0308\shopaid\dist\lib\commons-beanutils-1.8.0.jar;D:\Applications\Tienda\BACKUP_0308\shopaid\dist\lib\commons-collections-2.1.1.jar;D:\Applications\Tienda\BACKUP_0308\shopaid\dist\lib\commons-digester-2.1.jar;D:\Applications\Tienda\BACKUP_0308\shopaid\dist\lib\commons-logging-1.1.1.jar;D:\Applications\Tienda\BACKUP_0308\shopaid\dist\lib\groovy-all-2.1.0.jar;D:\Applications\Tienda\BACKUP_0308\shopaid\dist\lib\iText-2.1.7.jar;D:\Applications\Tienda\BACKUP_0308\shopaid\dist\lib\itext-2.1.7-sources.jar;D:\Applications\Tienda\BACKUP_0308\shopaid\dist\lib\itext-asian.jar;D:\Applications\Tienda\BACKUP_0308\shopaid\dist\lib\jasperreports-4.5.1.jar;D:\Applications\Tienda\BACKUP_0308\shopaid\dist\lib\jasperreports-applet-4.5.1.jar;D:\Applications\Tienda\BACKUP_0308\shopaid\dist\lib\jasperreports-fonts-4.5.1.jar;D:\Applications\Tienda\BACKUP_0308\shopaid\dist\lib\jasperreports-javaflow-4.5.1.jar;D:\Applications\Tienda\BACKUP_0308\shopaid\dist\lib\jcalendar-1.4.jar;D:\Applications\Tienda\BACKUP_0308\shopaid\dist\lib\mysql-connector-java-5.1.23-bin.jar;D:\Applications\Tienda\BACKUP_0308\shopaid\dist\lib\mysql-connector-java.jar;D:\Applications\Tienda\BACKUP_0308\shopaid\dist\lib\xercesimpl-2.11.0-sources.jar;C:\Program Files\NetBeans 8.0.1\java\modules\ext\beansbinding-1.2.1.jar;D:\Projects\Tienda\FCB\tienda\build\classes
Launcher Type: SUN_STANDARD

Environment Variables:
JAVA_HOME=C:\Program Files\Java\jdk1.8.0_20
PATH=C:\ProgramData\Oracle\Java\javapath;C:\Windows\system32;C:\Windows;C:\Windows\System32\Wbem;C:\Windows\System32\WindowsPowerShell\v1.0\;C:\Program Files (x86)\ATI Technologies\ATI.ACE\Core-Static;C:\Program Files\Java\jdk1.8.0_20;C:\Users\rahumathulla\Documents\DEV\maven\bin;C:\tools\jasperreports-6.3.0\dist\jasperreports-6.3.0.jar;C:\tools\jasperreports-6.3.0\lib;C:\Program Files (x86)\scala\bin;C:\Program Files (x86)\scala\bin;D:\zookeeper-3.4.10\bin;C:\Program Files\PuTTY\;C:\Program Files (x86)\Inno Setup 5;C:\Users\rahumathulla\AppData\Local\Programs\Python\Python38\Scripts\;C:\Users\rahumathulla\AppData\Local\Programs\Python\Python38\;C:\Program Files (x86)\Inno Setup 5;C:\Program Files\MySQL\MySQL Server 5.6\bin;
USERNAME=rahumathulla
OS=Windows_NT
PROCESSOR_IDENTIFIER=AMD64 Family 22 Model 48 Stepping 1, AuthenticAMD



---------------  S Y S T E M  ---------------

OS: Windows 7 , 64 bit Build 7601 Service Pack 1

CPU:total 4 (4 cores per cpu, 1 threads per core) family 22 model 48 stepping 1, cmov, cx8, fxsr, mmx, sse, sse2, sse3, ssse3, sse4.1, sse4.2, popcnt, avx, aes, clmul, mmxext, 3dnowpref, lzcnt, sse4a, tsc, tscinvbit, tscinv, bmi1

Memory: 4k page, physical 3630164k(482320k free), swap 9072936k(4912k free)

vm_info: Java HotSpot(TM) 64-Bit Server VM (25.20-b23) for windows-amd64 JRE (1.8.0_20-b26), built on Jul 30 2014 13:51:23 by "java_re" with MS VC++ 10.0 (VS2010)

time: Wed Jul 15 17:09:05 2020
elapsed time: 138 seconds (0d 0h 2m 18s)

